生成启动时间为 2017/10/10 12:15:30。
项目“\\vmware-host\Shared Folders\下载\OpenGLDemo\OpenGLDemo\OpenGLDemo.vcxproj”在节点 2 上(build 个目标)。
InitializeBuildStatus:
  正在创建“Debug\OpenGLDemo.unsuccessfulbuild”，因为已指定“AlwaysCreate”。
ClCompile:
  C:\Program Files (x86)\Microsoft Visual Studio 10.0\VC\bin\CL.exe /c /I.\include\ /ZI /nologo /W3 /WX- /Od /Oy- /D _MBCS /D _CRT_SECURE_NO_WARNINGS /D _MBCS /Gm /EHsc /RTC1 /MDd /GS /fp:precise /Zc:wchar_t /Zc:forScope /Fo"Debug\\" /Fd"Debug\vc100.pdb" /Gd /TP /analyze- /errorReport:prompt OpenGLDemo.cpp
  OpenGLDemo.cpp
Link:
  C:\Program Files (x86)\Microsoft Visual Studio 10.0\VC\bin\link.exe /ERRORREPORT:PROMPT /OUT:"\\vmware-host\Shared Folders\下载\OpenGLDemo\Debug\OpenGLDemo.exe" /NOLOGO /LIBPATH:.\lib\OpenGL\ OpenGL32.lib glu32.lib glut32.lib comdlg32.lib /MANIFEST /ManifestFile:"Debug\OpenGLDemo.exe.intermediate.manifest" /MANIFESTUAC:"level='asInvoker' uiAccess='false'" /DEBUG /PDB:"\\vmware-host\Shared Folders\下载\OpenGLDemo\Debug\OpenGLDemo.pdb" /TLBID:1 /DYNAMICBASE /NXCOMPAT /IMPLIB:"\\vmware-host\Shared Folders\下载\OpenGLDemo\Debug\OpenGLDemo.lib" /MACHINE:X86 Debug\glm.obj
  Debug\LoadFileDlg.obj
  Debug\OpenGLDemo.obj
  Debug\trackball.obj
  LINK : 没有找到 \\vmware-host\Shared Folders\下载\OpenGLDemo\Debug\OpenGLDemo.exe 或上一个增量链接没有生成它；正在执行完全链接
  OpenGLDemo.vcxproj -> \\vmware-host\Shared Folders\下载\OpenGLDemo\Debug\OpenGLDemo.exe
Manifest:
  C:\Program Files (x86)\Microsoft SDKs\Windows\v7.0A\bin\mt.exe /nologo /verbose /outputresource:"\\vmware-host\Shared Folders\下载\OpenGLDemo\Debug\OpenGLDemo.exe;#1" /manifest Debug\OpenGLDemo.exe.intermediate.manifest
FinalizeBuildStatus:
  正在删除文件“Debug\OpenGLDemo.unsuccessfulbuild”。
  正在对“Debug\OpenGLDemo.lastbuildstate”执行 Touch 任务。
已完成生成项目“\\vmware-host\Shared Folders\下载\OpenGLDemo\OpenGLDemo\OpenGLDemo.vcxproj”(build 个目标)的操作。

生成成功。

已用时间 00:00:03.34
